<?xml version="1.0" encoding="UTF-8"?>
<!-- Generated by org.testng.reporters.JUnitReportReporter -->
<testsuite hostname="DESKTOP-GDGDOPT" failures="0" tests="10" name="framework_task.Orangehrm" time="4.022" errors="0" timestamp="2023-11-08T12:55:33 IST" skipped="1">
  <testcase classname="framework_task.Orangehrm" name="VerifyTitle" time="0.015"/>
  <testcase classname="framework_task.Orangehrm" name="VerifyCurrenturl" time="0.009"/>
  <testcase classname="framework_task.Orangehrm" name="VerifyUsername" time="0.283"/>
  <testcase classname="framework_task.Orangehrm" name="VerifyPassword" time="0.066"/>
  <testcase classname="framework_task.Orangehrm" name="VerifyLogin" time="0.055"/>
  <testcase classname="framework_task.Orangehrm" name="VerifyAdmin" time="3.015"/>
  <testcase classname="framework_task.Orangehrm" name="VerifyUsername1" time="0.439"/>
  <testcase classname="framework_task.Orangehrm" name="VerifyUSerrole" time="0.085"/>
  <testcase classname="framework_task.Orangehrm" name="VerifyEmployeename" time="0.055"/>
  <testcase classname="framework_task.Orangehrm" name="VerifyStatus">
    <skipped/>
  </testcase> <!-- VerifyStatus -->
</testsuite> <!-- framework_task.Orangehrm -->
