<?xml version="1.0" encoding="UTF-8"?>
<!-- Generated by org.testng.reporters.JUnitReportReporter -->
<testsuite hostname="DESKTOP-GDGDOPT" failures="0" tests="4" name="framework_testng.Basic" time="0.012" errors="0" timestamp="2023-10-27T11:44:02 IST" skipped="0">
  <testcase classname="framework_testng.Basic" name="s3" time="0.001"/>
  <testcase classname="framework_testng.Basic" name="s2" time="0.001"/>
  <testcase classname="framework_testng.Basic" name="s4" time="0.001"/>
  <testcase classname="framework_testng.Basic" name="s1" time="0.009"/>
</testsuite> <!-- framework_testng.Basic -->
