<?xml version="1.0" encoding="UTF-8"?>
<!-- Generated by org.testng.reporters.JUnitReportReporter -->
<testsuite hostname="DESKTOP-GDGDOPT" failures="0" tests="15" name="framework_task.Letskodeit_task" time="18.245" errors="0" timestamp="2023-11-12T17:57:18 IST" skipped="1">
  <testcase classname="framework_task.Letskodeit_task" name="VerifyRadiobutton" time="0.091"/>
  <testcase classname="framework_task.Letskodeit_task" name="VerifyCheckbox" time="0.047"/>
  <testcase classname="framework_task.Letskodeit_task" name="VerifySwitchtowindow" time="1.111"/>
  <testcase classname="framework_task.Letskodeit_task" name="VerifySwitchtab" time="7.747"/>
  <testcase classname="framework_task.Letskodeit_task" name="VerifySelectclass" time="0.095"/>
  <testcase classname="framework_task.Letskodeit_task" name="VerifyMultipleselect" time="0.084"/>
  <testcase classname="framework_task.Letskodeit_task" name="VerifyAutosuggestion" time="0.446"/>
  <testcase classname="framework_task.Letskodeit_task" name="VerifyEnablebox" time="0.055"/>
  <testcase classname="framework_task.Letskodeit_task" name="VerifyMouseover" time="4.043"/>
  <testcase classname="framework_task.Letskodeit_task" name="VerifyTable" time="0.120"/>
  <testcase classname="framework_task.Letskodeit_task" name="VerifyScreenshot" time="0.140"/>
  <testcase classname="framework_task.Letskodeit_task" name="VerifyScrolldownup" time="2.017"/>
  <testcase classname="framework_task.Letskodeit_task" name="VerifyFindtotalframes" time="0.039"/>
  <testcase classname="framework_task.Letskodeit_task" name="VerifyAlertpopup" time="2.210"/>
  <testcase classname="framework_task.Letskodeit_task" name="VerifyElement_display">
    <skipped/>
  </testcase> <!-- VerifyElement_display -->
</testsuite> <!-- framework_task.Letskodeit_task -->
