<?xml version="1.0" encoding="UTF-8"?>
<!-- Generated by org.testng.reporters.JUnitReportReporter -->
<testsuite hostname="DESKTOP-GDGDOPT" failures="0" tests="4" name="ddf.Withoutexcel" time="16.803" errors="0" timestamp="2023-11-08T10:42:22 IST" skipped="0">
  <testcase classname="ddf.Withoutexcel" name="Verifytest" time="4.249"/>
  <testcase classname="ddf.Withoutexcel" name="Verifytest" time="4.164"/>
  <testcase classname="ddf.Withoutexcel" name="Verifytest" time="4.173"/>
  <testcase classname="ddf.Withoutexcel" name="Verifytest" time="4.217"/>
</testsuite> <!-- ddf.Withoutexcel -->
