<?xml version="1.0" encoding="UTF-8"?>
<!-- Generated by org.testng.reporters.JUnitReportReporter -->
<testsuite hostname="DESKTOP-GDGDOPT" failures="0" tests="10" name="ddf.Withexcel" time="41.730" errors="0" timestamp="2023-11-08T11:08:46 IST" skipped="0">
  <testcase classname="ddf.Withexcel" name="Verifytest" time="4.187"/>
  <testcase classname="ddf.Withexcel" name="Verifytest" time="4.137"/>
  <testcase classname="ddf.Withexcel" name="Verifytest" time="4.187"/>
  <testcase classname="ddf.Withexcel" name="Verifytest" time="4.224"/>
  <testcase classname="ddf.Withexcel" name="Verifytest" time="4.193"/>
  <testcase classname="ddf.Withexcel" name="Verifytest" time="4.143"/>
  <testcase classname="ddf.Withexcel" name="Verifytest" time="4.158"/>
  <testcase classname="ddf.Withexcel" name="Verifytest" time="4.164"/>
  <testcase classname="ddf.Withexcel" name="Verifytest" time="4.150"/>
  <testcase classname="ddf.Withexcel" name="Verifytest" time="4.187"/>
</testsuite> <!-- ddf.Withexcel -->
